Arguments: 
  /usr/local/bin/node /Users/namtrang/.yarn/bin/yarn.js

PATH: 
  /Users/namtrang/.yarn/bin:/Users/namtrang/.config/yarn/global/node_modules/.bin:/Users/namtrang/Library/Android/sdk/platform-tools:/Users/namtrang/Applications/apache-maven-3.3.3/bin:/Users/namtrang/Applications/scripts:/usr/local/bin:/usr/bin:/bin:/usr/sbin:/sbin:/usr/local/go/bin:/opt/X11/bin:/Users/namtrang/Applications/gradle-2.6/bin:/Users/namtrang/Applications/scala-2.10.4/bin:/Users/namtrang/Applications/spark/bin:/Users/namtrang/Library/Android/sdk/tools:/Users/namtrang/Library/Android/sdk/platform-tools:/Users/namtrang/Applications/redis-3.0.4/src:/Users/namtrang/Applications/mongodb-osx-x86_64-3.0.7/bin:/Users/namtrang/Applications/appengine-java-sdk-1.9.34/bin:/usr/local/opt/mosquitto/sbin:/Users/namtrang/Applications/google-cloud-sdk/bin:/Users/namtrang/Library/Python/2.7/bin:/Applications/Postgres.app/Contents/Versions/latest/bin:/Users/namtrang/Library/Android/sdk/build-tools/26.0.2

Yarn version: 
  1.3.2

Node version: 
  8.11.3

Platform: 
  darwin x64

npm manifest: 
  {
    "name": "node-red-contrib-firebase-realtime-database",
    "version": "0.1.0",
    "description": "Communicate with google firebase realtime database. These nodes use the new firebase-admin API and service account json is used for authentication.",
    "scripts": {
      "test": "./node_modules/mocha/bin/mocha"
    },
    "repository": {
      "type": "git",
      "url": "git+https://github.com/namgk/node-red-contrib-firebase-realtime-database.git"
    },
    "keywords": [
      "firebase",
      "node",
      "node-red"
    ],
    "author": "Nam Giang",
    "license": "ISC",
    "bugs": {
      "url": "https://github.com/namgk/node-red-contrib-firebase-realtime-database/issues"
    },
    "homepage": "https://github.com/namgk/node-red-contrib-firebase-realtime-database#readme",
    "dependencies": {
      "firebase-admin": "^4.0.3",
    },
    "node-red": {
      "nodes": {
        "firebaseIn": "src/firebaseIn.js",
        "firebaseOut": "src/firebaseOut.js",
        "firebaseAdmin": "src/firebaseAdmin.js"
      }
    },
    "devDependencies": {
      "mocha": "^5.0.4",
      "chai": "^3.5.0"
    }
  }

yarn manifest: 
  No manifest

Lockfile: 
  # THIS IS AN AUTOGENERATED FILE. DO NOT EDIT THIS FILE DIRECTLY.
  # yarn lockfile v1
  
  
  "@types/jsonwebtoken@^7.1.33":
    version "7.2.8"
    resolved "https://registry.yarnpkg.com/@types/jsonwebtoken/-/jsonwebtoken-7.2.8.tgz#8d199dab4ddb5bba3234f8311b804d2027af2b3a"
    dependencies:
      "@types/node" "*"
  
  "@types/node@*":
    version "10.9.4"
    resolved "https://registry.yarnpkg.com/@types/node/-/node-10.9.4.tgz#0f4cb2dc7c1de6096055357f70179043c33e9897"
  
  asap@~2.0.3:
    version "2.0.6"
    resolved "https://registry.yarnpkg.com/asap/-/asap-2.0.6.tgz#e50347611d7e690943208bbdafebcbc2fb866d46"
  
  assertion-error@^1.0.1:
    version "1.1.0"
    resolved "https://registry.yarnpkg.com/assertion-error/-/assertion-error-1.1.0.tgz#e60b6b0e8f301bd97e5375215bda406c85118c0b"
  
  balanced-match@^1.0.0:
    version "1.0.0"
    resolved "https://registry.yarnpkg.com/balanced-match/-/balanced-match-1.0.0.tgz#89b4d199ab2bee49de164ea02b89ce462d71b767"
  
  brace-expansion@^1.1.7:
    version "1.1.11"
    resolved "https://registry.yarnpkg.com/brace-expansion/-/brace-expansion-1.1.11.tgz#3c7fcbf529d87226f3d2f52b966ff5271eb441dd"
    dependencies:
      balanced-match "^1.0.0"
      concat-map "0.0.1"
  
  browser-stdout@1.3.1:
    version "1.3.1"
    resolved "https://registry.yarnpkg.com/browser-stdout/-/browser-stdout-1.3.1.tgz#baa559ee14ced73452229bad7326467c61fabd60"
  
  buffer-equal-constant-time@1.0.1:
    version "1.0.1"
    resolved "https://registry.yarnpkg.com/buffer-equal-constant-time/-/buffer-equal-constant-time-1.0.1.tgz#f8e71132f7ffe6e01a5c9697a4c6f3e48d5cc819"
  
  chai@^3.5.0:
    version "3.5.0"
    resolved "https://registry.yarnpkg.com/chai/-/chai-3.5.0.tgz#4d02637b067fe958bdbfdd3a40ec56fef7373247"
    dependencies:
      assertion-error "^1.0.1"
      deep-eql "^0.1.3"
      type-detect "^1.0.0"
  
  commander@2.15.1:
    version "2.15.1"
    resolved "http://registry.npmjs.org/commander/-/commander-2.15.1.tgz#df46e867d0fc2aec66a34662b406a9ccafff5b0f"
  
  concat-map@0.0.1:
    version "0.0.1"
    resolved "https://registry.yarnpkg.com/concat-map/-/concat-map-0.0.1.tgz#d8a96bd77fd68df7793a73036a3ba0d5405d477b"
  
  debug@3.1.0:
    version "3.1.0"
    resolved "https://registry.yarnpkg.com/debug/-/debug-3.1.0.tgz#5bb5a0672628b64149566ba16819e61518c67261"
    dependencies:
      ms "2.0.0"
  
  deep-eql@^0.1.3:
    version "0.1.3"
    resolved "https://registry.yarnpkg.com/deep-eql/-/deep-eql-0.1.3.tgz#ef558acab8de25206cd713906d74e56930eb69f2"
    dependencies:
      type-detect "0.1.1"
  
  diff@3.5.0:
    version "3.5.0"
    resolved "https://registry.yarnpkg.com/diff/-/diff-3.5.0.tgz#800c0dd1e0a8bfbc95835c202ad220fe317e5a12"
  
  ecdsa-sig-formatter@1.0.10:
    version "1.0.10"
    resolved "https://registry.yarnpkg.com/ecdsa-sig-formatter/-/ecdsa-sig-formatter-1.0.10.tgz#1c595000f04a8897dfb85000892a0f4c33af86c3"
    dependencies:
      safe-buffer "^5.0.1"
  
  escape-string-regexp@1.0.5:
    version "1.0.5"
    resolved "https://registry.yarnpkg.com/escape-string-regexp/-/escape-string-regexp-1.0.5.tgz#1b61c0562190a8dff6ae3bb2cf0200ca130b86d4"
  
  faye-websocket@0.9.3:
    version "0.9.3"
    resolved "https://registry.yarnpkg.com/faye-websocket/-/faye-websocket-0.9.3.tgz#482a505b0df0ae626b969866d3bd740cdb962e83"
    dependencies:
      websocket-driver ">=0.5.1"
  
  firebase-admin@^4.0.3:
    version "4.2.1"
    resolved "https://registry.yarnpkg.com/firebase-admin/-/firebase-admin-4.2.1.tgz#91794bfc214ee21decc765d308411166a05c0b20"
    dependencies:
      "@types/jsonwebtoken" "^7.1.33"
      faye-websocket "0.9.3"
      jsonwebtoken "7.1.9"
  
  fs.realpath@^1.0.0:
    version "1.0.0"
    resolved "https://registry.yarnpkg.com/fs.realpath/-/fs.realpath-1.0.0.tgz#1504ad2523158caa40db4a2787cb01411994ea4f"
  
  glob@7.1.2:
    version "7.1.2"
    resolved "https://registry.yarnpkg.com/glob/-/glob-7.1.2.tgz#c19c9df9a028702d678612384a6552404c636d15"
    dependencies:
      fs.realpath "^1.0.0"
      inflight "^1.0.4"
      inherits "2"
      minimatch "^3.0.4"
      once "^1.3.0"
      path-is-absolute "^1.0.0"
  
  growl@1.10.5:
    version "1.10.5"
    resolved "https://registry.yarnpkg.com/growl/-/growl-1.10.5.tgz#f2735dc2283674fa67478b10181059355c369e5e"
  
  has-flag@^3.0.0:
    version "3.0.0"
    resolved "https://registry.yarnpkg.com/has-flag/-/has-flag-3.0.0.tgz#b5d454dc2199ae225699f3467e5a07f3b955bafd"
  
  he@1.1.1:
    version "1.1.1"
    resolved "https://registry.yarnpkg.com/he/-/he-1.1.1.tgz#93410fd21b009735151f8868c2f271f3427e23fd"
  
  hoek@2.x.x:
    version "2.16.3"
    resolved "https://registry.yarnpkg.com/hoek/-/hoek-2.16.3.tgz#20bb7403d3cea398e91dc4710a8ff1b8274a25ed"
  
  http-parser-js@>=0.4.0:
    version "0.4.13"
    resolved "https://registry.yarnpkg.com/http-parser-js/-/http-parser-js-0.4.13.tgz#3bd6d6fde6e3172c9334c3b33b6c193d80fe1137"
  
  inflight@^1.0.4:
    version "1.0.6"
    resolved "https://registry.yarnpkg.com/inflight/-/inflight-1.0.6.tgz#49bd6331d7d02d0c09bc910a1075ba8165b56df9"
    dependencies:
      once "^1.3.0"
      wrappy "1"
  
  inherits@2:
    version "2.0.3"
    resolved "https://registry.yarnpkg.com/inherits/-/inherits-2.0.3.tgz#633c2c83e3da42a502f52466022480f4208261de"
  
  isemail@1.x.x:
    version "1.2.0"
    resolved "https://registry.yarnpkg.com/isemail/-/isemail-1.2.0.tgz#be03df8cc3e29de4d2c5df6501263f1fa4595e9a"
  
  joi@^6.10.1:
    version "6.10.1"
    resolved "http://registry.npmjs.org/joi/-/joi-6.10.1.tgz#4d50c318079122000fe5f16af1ff8e1917b77e06"
    dependencies:
      hoek "2.x.x"
      isemail "1.x.x"
      moment "2.x.x"
      topo "1.x.x"
  
  jsonwebtoken@7.1.9:
    version "7.1.9"
    resolved "http://registry.npmjs.org/jsonwebtoken/-/jsonwebtoken-7.1.9.tgz#847804e5258bec5a9499a8dc4a5e7a3bae08d58a"
    dependencies:
      joi "^6.10.1"
      jws "^3.1.3"
      lodash.once "^4.0.0"
      ms "^0.7.1"
      xtend "^4.0.1"
  
  jwa@^1.1.5:
    version "1.1.6"
    resolved "https://registry.yarnpkg.com/jwa/-/jwa-1.1.6.tgz#87240e76c9808dbde18783cf2264ef4929ee50e6"
    dependencies:
      buffer-equal-constant-time "1.0.1"
      ecdsa-sig-formatter "1.0.10"
      safe-buffer "^5.0.1"
  
  jws@^3.1.3:
    version "3.1.5"
    resolved "https://registry.yarnpkg.com/jws/-/jws-3.1.5.tgz#80d12d05b293d1e841e7cb8b4e69e561adcf834f"
    dependencies:
      jwa "^1.1.5"
      safe-buffer "^5.0.1"
  
  lodash.once@^4.0.0:
    version "4.1.1"
    resolved "https://registry.yarnpkg.com/lodash.once/-/lodash.once-4.1.1.tgz#0dd3971213c7c56df880977d504c88fb471a97ac"
  
  minimatch@3.0.4, minimatch@^3.0.4:
    version "3.0.4"
    resolved "https://registry.yarnpkg.com/minimatch/-/minimatch-3.0.4.tgz#5166e286457f03306064be5497e8dbb0c3d32083"
    dependencies:
      brace-expansion "^1.1.7"
  
  minimist@0.0.8:
    version "0.0.8"
    resolved "http://registry.npmjs.org/minimist/-/minimist-0.0.8.tgz#857fcabfc3397d2625b8228262e86aa7a011b05d"
  
  mkdirp@0.5.1:
    version "0.5.1"
    resolved "http://registry.npmjs.org/mkdirp/-/mkdirp-0.5.1.tgz#30057438eac6cf7f8c4767f38648d6697d75c903"
    dependencies:
      minimist "0.0.8"
  
  mocha@^5.0.4:
    version "5.2.0"
    resolved "https://registry.yarnpkg.com/mocha/-/mocha-5.2.0.tgz#6d8ae508f59167f940f2b5b3c4a612ae50c90ae6"
    dependencies:
      browser-stdout "1.3.1"
      commander "2.15.1"
      debug "3.1.0"
      diff "3.5.0"
      escape-string-regexp "1.0.5"
      glob "7.1.2"
      growl "1.10.5"
      he "1.1.1"
      minimatch "3.0.4"
      mkdirp "0.5.1"
      supports-color "5.4.0"
  
  moment@2.x.x:
    version "2.22.2"
    resolved "https://registry.yarnpkg.com/moment/-/moment-2.22.2.tgz#3c257f9839fc0e93ff53149632239eb90783ff66"
  
  ms@2.0.0:
    version "2.0.0"
    resolved "https://registry.yarnpkg.com/ms/-/ms-2.0.0.tgz#5608aeadfc00be6c2901df5f9861788de0d597c8"
  
  ms@^0.7.1:
    version "0.7.3"
    resolved "https://registry.yarnpkg.com/ms/-/ms-0.7.3.tgz#708155a5e44e33f5fd0fc53e81d0d40a91be1fff"
  
  once@^1.3.0:
    version "1.4.0"
    resolved "https://registry.yarnpkg.com/once/-/once-1.4.0.tgz#583b1aa775961d4b113ac17d9c50baef9dd76bd1"
    dependencies:
      wrappy "1"
  
  path-is-absolute@^1.0.0:
    version "1.0.1"
    resolved "https://registry.yarnpkg.com/path-is-absolute/-/path-is-absolute-1.0.1.tgz#174b9268735534ffbc7ace6bf53a5a9e1b5c5f5f"
  
  promise@^7.1.1:
    version "7.3.1"
    resolved "https://registry.yarnpkg.com/promise/-/promise-7.3.1.tgz#064b72602b18f90f29192b8b1bc418ffd1ebd3bf"
    dependencies:
      asap "~2.0.3"
  
  safe-buffer@^5.0.1:
    version "5.1.2"
    resolved "https://registry.yarnpkg.com/safe-buffer/-/safe-buffer-5.1.2.tgz#991ec69d296e0313747d59bdfd2b745c35f8828d"
  
  supports-color@5.4.0:
    version "5.4.0"
    resolved "https://registry.yarnpkg.com/supports-color/-/supports-color-5.4.0.tgz#1c6b337402c2137605efe19f10fec390f6faab54"
    dependencies:
      has-flag "^3.0.0"
  
  topo@1.x.x:
    version "1.1.0"
    resolved "https://registry.yarnpkg.com/topo/-/topo-1.1.0.tgz#e9d751615d1bb87dc865db182fa1ca0a5ef536d5"
    dependencies:
      hoek "2.x.x"
  
  type-detect@0.1.1:
    version "0.1.1"
    resolved "https://registry.yarnpkg.com/type-detect/-/type-detect-0.1.1.tgz#0ba5ec2a885640e470ea4e8505971900dac58822"
  
  type-detect@^1.0.0:
    version "1.0.0"
    resolved "https://registry.yarnpkg.com/type-detect/-/type-detect-1.0.0.tgz#762217cc06db258ec48908a1298e8b95121e8ea2"
  
  websocket-driver@>=0.5.1:
    version "0.7.0"
    resolved "https://registry.yarnpkg.com/websocket-driver/-/websocket-driver-0.7.0.tgz#0caf9d2d755d93aee049d4bdd0d3fe2cca2a24eb"
    dependencies:
      http-parser-js ">=0.4.0"
      websocket-extensions ">=0.1.1"
  
  websocket-extensions@>=0.1.1:
    version "0.1.3"
    resolved "https://registry.yarnpkg.com/websocket-extensions/-/websocket-extensions-0.1.3.tgz#5d2ff22977003ec687a4b87073dfbbac146ccf29"
  
  wrappy@1:
    version "1.0.2"
    resolved "https://registry.yarnpkg.com/wrappy/-/wrappy-1.0.2.tgz#b5243d8f3ec1aa35f1364605bc0d1036e30ab69f"
  
  xtend@^4.0.1:
    version "4.0.1"
    resolved "https://registry.yarnpkg.com/xtend/-/xtend-4.0.1.tgz#a5c6d532be656e23db820efb943a1f04998d63af"

Trace: 
  SyntaxError: /Users/namtrang/workspace/node-red-contrib-firebase-realtime-database/package.json: Unexpected token } in JSON at position 808
      at JSON.parse (<anonymous>)
      at /Users/namtrang/.yarn/lib/cli.js:770:59
      at Generator.next (<anonymous>)
      at step (/Users/namtrang/.yarn/lib/cli.js:92:30)
      at /Users/namtrang/.yarn/lib/cli.js:103:13
      at <anonymous>
